Arguments: 
  /Users/apassarakhongthon/.nvm/versions/node/v9.3.0/bin/node /Users/apassarakhongthon/.nvm/versions/node/v9.3.0/bin/yarn add -D loom-js

PATH: 
  /Users/apassarakhongthon/.rbenv/shims:/Users/apassarakhongthon/.rbenv/bin:/usr/local/opt/openssl/bin:/Users/apassarakhongthon/.nvm/versions/node/v9.3.0/bin:/Library/Frameworks/Python.framework/Versions/3.5/bin:/usr/local/bin:/usr/bin:/bin:/usr/sbin:/sbin:/usr/local/go/bin:/Users/apassarakhongthon/anaconda/bin:/bin:/Users/apassarakhongthon/go/bin

Yarn version: 
  1.3.2

Node version: 
  9.3.0

Platform: 
  darwin x64

npm manifest: 
  {
    "name": "sdk-game-demo",
    "version": "1.0.0",
    "description": "Phaser on a Loom DappChain",
    "main": "index.js",
  	"scripts": {
  	  "dev": "webpack",
  	  "deploy": "webpack --config webpack.production.config.js",
  	  "test": "eslint './src/**/*.js'"
  	},
    "author": "Loom Network",
    "license": "MIT",
    "devDependencies": {
      "canvasinput": "^1.2.7",
      "copy-webpack-plugin": "^3.0.1",
      "expose-loader": "^0.7.4",
      "html-webpack-plugin": "^2.30.1",
      "phaser": "^2.6.2",
      "webpack": "^3.11.0",
      "webpack-dev-server": "^1.16.5"
    },  
    "dependencies": {
      "phaser-ce": "^2.10.0",
      "webfontloader": "^1.6.28",  	
      "google-protobuf": "^3.5.0"
    },
    "license": "MIT",
  }

yarn manifest: 
  No manifest

Lockfile: 
  No lockfile

Trace: 
  SyntaxError: /Users/apassarakhongthon/loomx/sdk-game-demo/package.json: Unexpected token } in JSON at position 696
      at JSON.parse (<anonymous>)
      at /Users/apassarakhongthon/.nvm/versions/node/v9.3.0/lib/node_modules/yarn/lib/cli.js:770:59
      at Generator.next (<anonymous>)
      at step (/Users/apassarakhongthon/.nvm/versions/node/v9.3.0/lib/node_modules/yarn/lib/cli.js:92:30)
      at /Users/apassarakhongthon/.nvm/versions/node/v9.3.0/lib/node_modules/yarn/lib/cli.js:103:13
      at <anonymous>
